<?xml version="1.0" encoding="utf-8"?><testsuites name="pytest tests"><testsuite name="pytest" errors="0" failures="0" skipped="0" tests="15" time="1.088" timestamp="2026-02-04T11:08:08.149044+00:00" hostname="agent-env-e7a26d96-3755-4eec-b581-4ed485a96ca8"><testcase classname="backend.tests.test_photo_upload.TestPhotoUploadFeature" name="test_01_login_as_business_owner" time="0.092" /><testcase classname="backend.tests.test_photo_upload.TestPhotoUploadFeature" name="test_02_get_my_business" time="0.053" /><testcase classname="backend.tests.test_photo_upload.TestPhotoUploadFeature" name="test_03_upload_photo_endpoint_exists" time="0.081" /><testcase classname="backend.tests.test_photo_upload.TestPhotoUploadFeature" name="test_04_upload_photo_requires_file" time="0.098" /><testcase classname="backend.tests.test_photo_upload.TestPhotoUploadFeature" name="test_05_upload_valid_photo" time="0.076" /><testcase classname="backend.tests.test_photo_upload.TestPhotoUploadFeature" name="test_06_update_business_with_photo" time="0.070" /><testcase classname="backend.tests.test_photo_upload.TestPhotoUploadFeature" name="test_07_verify_photos_persisted" time="0.048" /><testcase classname="backend.tests.test_photo_upload.TestPhotoUploadFeature" name="test_08_max_photos_validation" time="0.047" /><testcase classname="backend.tests.test_photo_upload.TestPhotoUploadFeature" name="test_09_photos_array_validation" time="0.050" /><testcase classname="backend.tests.test_photo_upload.TestPhotoUploadFeature" name="test_10_remove_photo" time="0.060" /><testcase classname="backend.tests.test_photo_upload.TestPhotoUploadFeature" name="test_11_public_business_page_endpoint" time="0.072" /><testcase classname="backend.tests.test_photo_upload.TestPhotoUploadFeature" name="test_12_upload_non_image_rejected" time="0.085" /><testcase classname="backend.tests.test_photo_upload.TestPhotoUploadEdgeCases" name="test_empty_photos_array" time="0.053" /><testcase classname="backend.tests.test_photo_upload.TestPhotoUploadEdgeCases" name="test_three_photos_exactly" time="0.046" /><testcase classname="backend.tests.test_photo_upload.TestPhotoUploadEdgeCases" name="test_upload_when_at_max_photos" time="0.088" /></testsuite></testsuites>