<?xml version="1.0" encoding="utf-8"?><testsuites name="pytest tests"><testsuite name="pytest" errors="0" failures="2" skipped="0" tests="19" time="1.351" timestamp="2026-01-29T09:50:22.022812+00:00" hostname="agent-env-89524822-d2fc-4939-a36d-529e15d5d5ef"><testcase classname="backend.tests.test_auth_and_admin.TestHealthAndBasics" name="test_api_reachable" time="0.085" /><testcase classname="backend.tests.test_auth_and_admin.TestAdminLogin" name="test_admin_login_success" time="0.036" /><testcase classname="backend.tests.test_auth_and_admin.TestAdminLogin" name="test_admin_login_invalid_password" time="0.075" /><testcase classname="backend.tests.test_auth_and_admin.TestAdminLogin" name="test_admin_login_invalid_email" time="0.040" /><testcase classname="backend.tests.test_auth_and_admin.TestCustomerSignupAndLogin" name="test_customer_signup" time="0.039" /><testcase classname="backend.tests.test_auth_and_admin.TestCustomerSignupAndLogin" name="test_customer_login" time="0.078"><failure message="AssertionError: Customer signup failed: {&quot;detail&quot;:&quot;Email already registered&quot;}&#10;assert 400 == 200&#10; +  where 400 = &lt;Response [400]&gt;.status_code">backend/tests/test_auth_and_admin.py:89: in test_customer_login
    self.test_customer_signup()
backend/tests/test_auth_and_admin.py:78: in test_customer_signup
    assert response.status_code == 200, f"Customer signup failed: {response.text}"
E   AssertionError: Customer signup failed: {"detail":"Email already registered"}
E   assert 400 == 200
E    +  where 400 = &lt;Response [400]&gt;.status_code</failure></testcase><testcase classname="backend.tests.test_auth_and_admin.TestCustomerSignupAndLogin" name="test_duplicate_email_rejected" time="0.078" /><testcase classname="backend.tests.test_auth_and_admin.TestBusinessOwnerSignupAndLogin" name="test_business_owner_signup" time="0.039" /><testcase classname="backend.tests.test_auth_and_admin.TestBusinessOwnerSignupAndLogin" name="test_business_owner_login" time="0.038"><failure message="AssertionError: Business owner signup failed: {&quot;detail&quot;:&quot;Email already registered&quot;}&#10;assert 400 == 200&#10; +  where 400 = &lt;Response [400]&gt;.status_code">backend/tests/test_auth_and_admin.py:152: in test_business_owner_login
    self.test_business_owner_signup()
backend/tests/test_auth_and_admin.py:140: in test_business_owner_signup
    assert response.status_code == 200, f"Business owner signup failed: {response.text}"
E   AssertionError: Business owner signup failed: {"detail":"Email already registered"}
E   assert 400 == 200
E    +  where 400 = &lt;Response [400]&gt;.status_code</failure></testcase><testcase classname="backend.tests.test_auth_and_admin.TestAdminFunctions" name="test_admin_get_stats" time="0.075" /><testcase classname="backend.tests.test_auth_and_admin.TestAdminFunctions" name="test_admin_get_users" time="0.081" /><testcase classname="backend.tests.test_auth_and_admin.TestAdminFunctions" name="test_admin_get_businesses" time="0.080" /><testcase classname="backend.tests.test_auth_and_admin.TestAdminFunctions" name="test_admin_approve_business" time="0.118" /><testcase classname="backend.tests.test_auth_and_admin.TestAdminFunctions" name="test_admin_reject_business" time="0.117" /><testcase classname="backend.tests.test_auth_and_admin.TestAdminFunctions" name="test_admin_unauthorized_access" time="0.109" /><testcase classname="backend.tests.test_auth_and_admin.TestPublicBusinessEndpoints" name="test_get_approved_businesses" time="0.037" /><testcase classname="backend.tests.test_auth_and_admin.TestAuthMe" name="test_auth_me_with_valid_token" time="0.071" /><testcase classname="backend.tests.test_auth_and_admin.TestAuthMe" name="test_auth_me_without_token" time="0.037" /><testcase classname="backend.tests.test_auth_and_admin.TestAdminRegistrationBlocked" name="test_cannot_register_as_admin" time="0.037" /></testsuite></testsuites>