<?xml version="1.0" encoding="utf-8"?><testsuites name="pytest tests"><testsuite name="pytest" errors="0" failures="0" skipped="0" tests="14" time="2.729" timestamp="2026-01-29T15:56:34.756296+00:00" hostname="agent-env-962e90be-a9f5-4d6f-9640-62e217ea5e59"><testcase classname="backend.tests.test_payment_booking.TestOfferCodeValidation" name="test_validate_testfree_code" time="0.117" /><testcase classname="backend.tests.test_payment_booking.TestOfferCodeValidation" name="test_validate_bookle100_code" time="0.080" /><testcase classname="backend.tests.test_payment_booking.TestOfferCodeValidation" name="test_validate_staff2025_code" time="0.086" /><testcase classname="backend.tests.test_payment_booking.TestOfferCodeValidation" name="test_validate_invalid_code" time="0.147" /><testcase classname="backend.tests.test_payment_booking.TestOfferCodeValidation" name="test_validate_lowercase_code" time="0.080" /><testcase classname="backend.tests.test_payment_booking.TestOfferCodeValidation" name="test_validate_empty_code" time="0.079" /><testcase classname="backend.tests.test_payment_booking.TestPaymentCheckout" name="test_create_checkout_without_offer_code" time="0.688" /><testcase classname="backend.tests.test_payment_booking.TestPaymentCheckout" name="test_create_checkout_with_valid_offer_code" time="0.199" /><testcase classname="backend.tests.test_payment_booking.TestPaymentCheckout" name="test_create_checkout_with_invalid_offer_code" time="0.580" /><testcase classname="backend.tests.test_payment_booking.TestCompleteBookingWithOfferCode" name="test_complete_booking_with_offer_code_bypass" time="0.259" /><testcase classname="backend.tests.test_payment_booking.TestDepositCalculation" name="test_deposit_is_20_percent" time="0.081" /><testcase classname="backend.tests.test_payment_booking.TestBusinessAndServiceAvailability" name="test_jg_body_clinic_exists" time="0.052" /><testcase classname="backend.tests.test_payment_booking.TestBusinessAndServiceAvailability" name="test_jg_body_clinic_services" time="0.076" /><testcase classname="backend.tests.test_payment_booking.TestBusinessAndServiceAvailability" name="test_jg_body_clinic_staff" time="0.078" /></testsuite></testsuites>