<?xml version="1.0" encoding="utf-8"?><testsuites name="pytest tests"><testsuite name="pytest" errors="0" failures="1" skipped="0" tests="13" time="1.214" timestamp="2026-01-30T12:45:34.276724+00:00" hostname="agent-env-28c7219e-b0df-41d9-a85c-957f9afbb857"><testcase classname="tests.test_stripe_connect_subscription.TestBusinessOwnerLogin" name="test_login_success" time="0.084" /><testcase classname="tests.test_stripe_connect_subscription.TestBusinessOwnerLogin" name="test_login_invalid_credentials" time="0.014" /><testcase classname="tests.test_stripe_connect_subscription.TestStripeConnectStatus" name="test_stripe_connect_status_authenticated" time="0.026" /><testcase classname="tests.test_stripe_connect_subscription.TestStripeConnectStatus" name="test_stripe_connect_status_unauthenticated" time="0.049" /><testcase classname="tests.test_stripe_connect_subscription.TestStripeConnectCreateAccount" name="test_create_account_authenticated" time="0.455"><failure message="assert 520 in [200, 500]&#10; +  where 520 = &lt;Response [520]&gt;.status_code">tests/test_stripe_connect_subscription.py:127: in test_create_account_authenticated
    assert response.status_code in [200, 500]
E   assert 520 in [200, 500]
E    +  where 520 = &lt;Response [520]&gt;.status_code</failure></testcase><testcase classname="tests.test_stripe_connect_subscription.TestStripeConnectCreateAccount" name="test_create_account_unauthenticated" time="0.011" /><testcase classname="tests.test_stripe_connect_subscription.TestSubscriptionStatus" name="test_my_subscription_authenticated" time="0.010" /><testcase classname="tests.test_stripe_connect_subscription.TestSubscriptionStatus" name="test_my_subscription_unauthenticated" time="0.011" /><testcase classname="tests.test_stripe_connect_subscription.TestSubscriptionSetupPayment" name="test_setup_payment_authenticated" time="0.386" /><testcase classname="tests.test_stripe_connect_subscription.TestSubscriptionSetupPayment" name="test_setup_payment_unauthenticated" time="0.008" /><testcase classname="tests.test_stripe_connect_subscription.TestSubscriptionPricing" name="test_subscription_pricing" time="0.012" /><testcase classname="tests.test_stripe_connect_subscription.TestMyBusiness" name="test_get_my_business" time="0.012" /><testcase classname="tests.test_stripe_connect_subscription.TestMyBusiness" name="test_update_deposit_level" time="0.040" /></testsuite></testsuites>