<?xml version="1.0" encoding="utf-8"?><testsuites name="pytest tests"><testsuite name="pytest" errors="0" failures="0" skipped="0" tests="5" time="0.780" timestamp="2026-02-16T10:28:23.993544+00:00" hostname="agent-env-0f028b2a-fa47-4b08-af58-e48d9b5015a4"><testcase classname="tests.test_frozen_account.TestFrozenAccountLogin" name="test_frozen_account_login_returns_frozen_status" time="0.135" /><testcase classname="tests.test_frozen_account.TestFrozenAccountLogin" name="test_active_user_login_not_frozen" time="0.193" /><testcase classname="tests.test_frozen_account.TestFrozenAccountLogin" name="test_invalid_credentials_rejected" time="0.095" /><testcase classname="tests.test_frozen_account.TestFrozenAccountAPIStructure" name="test_response_contains_all_required_fields" time="0.171" /><testcase classname="tests.test_frozen_account.TestHealthCheck" name="test_api_health" time="0.118" /></testsuite></testsuites>