<?xml version="1.0" encoding="utf-8"?><testsuites name="pytest tests"><testsuite name="pytest" errors="0" failures="2" skipped="0" tests="8" time="3.100" timestamp="2026-02-15T17:19:31.438083+00:00" hostname="agent-env-ac6b1f17-acf1-4c0f-b820-c029170bde9f"><testcase classname="backend.tests.test_optional_card_signup.TestOptionalCardSignup" name="test_api_health_check" time="0.189"><failure message="assert 404 == 200&#10; +  where 404 = &lt;Response [404]&gt;.status_code">backend/tests/test_optional_card_signup.py:31: in test_api_health_check
    assert response.status_code == 200
E   assert 404 == 200
E    +  where 404 = &lt;Response [404]&gt;.status_code</failure></testcase><testcase classname="backend.tests.test_optional_card_signup.TestOptionalCardSignup" name="test_register_business_owner_without_card" time="0.793" /><testcase classname="backend.tests.test_optional_card_signup.TestOptionalCardSignup" name="test_register_customer_without_card" time="0.129" /><testcase classname="backend.tests.test_optional_card_signup.TestSubscriptionWithoutCard" name="test_subscription_created_for_business_without_card" time="0.517"><failure message="AssertionError: Failed to get subscription: {&quot;detail&quot;:&quot;Not Found&quot;}&#10;assert 404 == 200&#10; +  where 404 = &lt;Response [404]&gt;.status_code">backend/tests/test_optional_card_signup.py:122: in test_subscription_created_for_business_without_card
    assert sub_response.status_code == 200, f"Failed to get subscription: {sub_response.text}"
E   AssertionError: Failed to get subscription: {"detail":"Not Found"}
E   assert 404 == 200
E    +  where 404 = &lt;Response [404]&gt;.status_code</failure></testcase><testcase classname="backend.tests.test_optional_card_signup.TestExistingUserWithoutCard" name="test_login_user_without_card" time="0.249" /><testcase classname="backend.tests.test_optional_card_signup.TestCenturionSignupWithoutCard" name="test_centurion_signup_without_card" time="0.455" /><testcase classname="backend.tests.test_optional_card_signup.TestRegistrationValidation" name="test_duplicate_email_rejected" time="0.278" /><testcase classname="backend.tests.test_optional_card_signup.TestRegistrationValidation" name="test_business_name_required" time="0.399" /></testsuite></testsuites>