<?xml version="1.0" encoding="utf-8"?><testsuites name="pytest tests"><testsuite name="pytest" errors="0" failures="0" skipped="0" tests="17" time="1.276" timestamp="2026-01-30T13:26:32.961566+00:00" hostname="agent-env-28c7219e-b0df-41d9-a85c-957f9afbb857"><testcase classname="backend.tests.test_payouts_analytics.TestPayoutsAndAnalytics" name="test_payouts_endpoint_returns_200" time="0.089" /><testcase classname="backend.tests.test_payouts_analytics.TestPayoutsAndAnalytics" name="test_payouts_response_structure" time="0.064" /><testcase classname="backend.tests.test_payouts_analytics.TestPayoutsAndAnalytics" name="test_payouts_summary_structure" time="0.055" /><testcase classname="backend.tests.test_payouts_analytics.TestPayoutsAndAnalytics" name="test_payouts_list_structure" time="0.060" /><testcase classname="backend.tests.test_payouts_analytics.TestPayoutsAndAnalytics" name="test_payouts_requires_authentication" time="0.125" /><testcase classname="backend.tests.test_payouts_analytics.TestPayoutsAndAnalytics" name="test_analytics_endpoint_returns_200" time="0.063" /><testcase classname="backend.tests.test_payouts_analytics.TestPayoutsAndAnalytics" name="test_analytics_response_structure" time="0.060" /><testcase classname="backend.tests.test_payouts_analytics.TestPayoutsAndAnalytics" name="test_analytics_popular_services_structure" time="0.102" /><testcase classname="backend.tests.test_payouts_analytics.TestPayoutsAndAnalytics" name="test_analytics_peak_hours_structure" time="0.064" /><testcase classname="backend.tests.test_payouts_analytics.TestPayoutsAndAnalytics" name="test_analytics_busiest_days_structure" time="0.064" /><testcase classname="backend.tests.test_payouts_analytics.TestPayoutsAndAnalytics" name="test_analytics_customer_retention_structure" time="0.059" /><testcase classname="backend.tests.test_payouts_analytics.TestPayoutsAndAnalytics" name="test_analytics_booking_status_breakdown_structure" time="0.048" /><testcase classname="backend.tests.test_payouts_analytics.TestPayoutsAndAnalytics" name="test_analytics_monthly_trend_structure" time="0.056" /><testcase classname="backend.tests.test_payouts_analytics.TestPayoutsAndAnalytics" name="test_analytics_average_metrics_structure" time="0.047" /><testcase classname="backend.tests.test_payouts_analytics.TestPayoutsAndAnalytics" name="test_analytics_requires_authentication" time="0.130" /><testcase classname="backend.tests.test_payouts_analytics.TestPayoutsAndAnalytics" name="test_analytics_data_consistency" time="0.050" /><testcase classname="backend.tests.test_payouts_analytics.TestPayoutsAndAnalytics" name="test_payouts_summary_consistency" time="0.062" /></testsuite></testsuites>