<?xml version="1.0" encoding="utf-8"?><testsuites name="pytest tests"><testsuite name="pytest" errors="0" failures="0" skipped="0" tests="8" time="2.705" timestamp="2026-02-15T17:19:53.857859+00:00" hostname="agent-env-ac6b1f17-acf1-4c0f-b820-c029170bde9f"><testcase classname="backend.tests.test_optional_card_signup.TestOptionalCardSignup" name="test_api_health_check" time="0.150" /><testcase classname="backend.tests.test_optional_card_signup.TestOptionalCardSignup" name="test_register_business_owner_without_card" time="0.585" /><testcase classname="backend.tests.test_optional_card_signup.TestOptionalCardSignup" name="test_register_customer_without_card" time="0.111" /><testcase classname="backend.tests.test_optional_card_signup.TestSubscriptionWithoutCard" name="test_subscription_created_for_business_without_card" time="0.567" /><testcase classname="backend.tests.test_optional_card_signup.TestExistingUserWithoutCard" name="test_login_user_without_card" time="0.223" /><testcase classname="backend.tests.test_optional_card_signup.TestCenturionSignupWithoutCard" name="test_centurion_signup_without_card" time="0.386" /><testcase classname="backend.tests.test_optional_card_signup.TestRegistrationValidation" name="test_duplicate_email_rejected" time="0.248" /><testcase classname="backend.tests.test_optional_card_signup.TestRegistrationValidation" name="test_business_name_required" time="0.377" /></testsuite></testsuites>