<?xml version="1.0" encoding="utf-8"?><testsuites name="pytest tests"><testsuite name="pytest" errors="0" failures="0" skipped="0" tests="19" time="1.360" timestamp="2026-01-29T09:50:54.342221+00:00" hostname="agent-env-89524822-d2fc-4939-a36d-529e15d5d5ef"><testcase classname="backend.tests.test_auth_and_admin.TestHealthAndBasics" name="test_api_reachable" time="0.079" /><testcase classname="backend.tests.test_auth_and_admin.TestAdminLogin" name="test_admin_login_success" time="0.041" /><testcase classname="backend.tests.test_auth_and_admin.TestAdminLogin" name="test_admin_login_invalid_password" time="0.036" /><testcase classname="backend.tests.test_auth_and_admin.TestAdminLogin" name="test_admin_login_invalid_email" time="0.038" /><testcase classname="backend.tests.test_auth_and_admin.TestCustomerSignupAndLogin" name="test_customer_signup" time="0.043" /><testcase classname="backend.tests.test_auth_and_admin.TestCustomerSignupAndLogin" name="test_customer_login" time="0.073" /><testcase classname="backend.tests.test_auth_and_admin.TestCustomerSignupAndLogin" name="test_duplicate_email_rejected" time="0.076" /><testcase classname="backend.tests.test_auth_and_admin.TestBusinessOwnerSignupAndLogin" name="test_business_owner_signup" time="0.035" /><testcase classname="backend.tests.test_auth_and_admin.TestBusinessOwnerSignupAndLogin" name="test_business_owner_login" time="0.073" /><testcase classname="backend.tests.test_auth_and_admin.TestAdminFunctions" name="test_admin_get_stats" time="0.078" /><testcase classname="backend.tests.test_auth_and_admin.TestAdminFunctions" name="test_admin_get_users" time="0.073" /><testcase classname="backend.tests.test_auth_and_admin.TestAdminFunctions" name="test_admin_get_businesses" time="0.079" /><testcase classname="backend.tests.test_auth_and_admin.TestAdminFunctions" name="test_admin_approve_business" time="0.123" /><testcase classname="backend.tests.test_auth_and_admin.TestAdminFunctions" name="test_admin_reject_business" time="0.113" /><testcase classname="backend.tests.test_auth_and_admin.TestAdminFunctions" name="test_admin_unauthorized_access" time="0.105" /><testcase classname="backend.tests.test_auth_and_admin.TestPublicBusinessEndpoints" name="test_get_approved_businesses" time="0.039" /><testcase classname="backend.tests.test_auth_and_admin.TestAuthMe" name="test_auth_me_with_valid_token" time="0.074" /><testcase classname="backend.tests.test_auth_and_admin.TestAuthMe" name="test_auth_me_without_token" time="0.034" /><testcase classname="backend.tests.test_auth_and_admin.TestAdminRegistrationBlocked" name="test_cannot_register_as_admin" time="0.079" /></testsuite></testsuites>