<?xml version="1.0" encoding="utf-8"?><testsuites name="pytest tests"><testsuite name="pytest" errors="0" failures="0" skipped="0" tests="19" time="1.882" timestamp="2026-01-30T09:43:31.027401+00:00" hostname="agent-env-962e90be-a9f5-4d6f-9640-62e217ea5e59"><testcase classname="backend.tests.test_subscription_deposit_features.TestSubscriptionFeatures" name="test_subscription_status_endpoint" time="0.117" /><testcase classname="backend.tests.test_subscription_deposit_features.TestSubscriptionFeatures" name="test_subscription_pricing_calculation" time="0.060" /><testcase classname="backend.tests.test_subscription_deposit_features.TestSubscriptionFeatures" name="test_subscription_pricing_endpoint" time="0.072" /><testcase classname="backend.tests.test_subscription_deposit_features.TestStripeConnectFeatures" name="test_stripe_connect_status_endpoint" time="0.060" /><testcase classname="backend.tests.test_subscription_deposit_features.TestStripeConnectFeatures" name="test_stripe_connect_create_account_endpoint" time="0.306" /><testcase classname="backend.tests.test_subscription_deposit_features.TestDepositSettingsFeatures" name="test_get_business_deposit_level" time="0.051" /><testcase classname="backend.tests.test_subscription_deposit_features.TestDepositSettingsFeatures" name="test_update_deposit_level_to_none" time="0.067" /><testcase classname="backend.tests.test_subscription_deposit_features.TestDepositSettingsFeatures" name="test_update_deposit_level_to_10" time="0.060" /><testcase classname="backend.tests.test_subscription_deposit_features.TestDepositSettingsFeatures" name="test_update_deposit_level_to_20" time="0.061" /><testcase classname="backend.tests.test_subscription_deposit_features.TestDepositSettingsFeatures" name="test_update_deposit_level_to_50" time="0.070" /><testcase classname="backend.tests.test_subscription_deposit_features.TestDepositSettingsFeatures" name="test_update_deposit_level_to_full" time="0.066" /><testcase classname="backend.tests.test_subscription_deposit_features.TestDepositSettingsFeatures" name="test_invalid_deposit_level_rejected" time="0.052" /><testcase classname="backend.tests.test_subscription_deposit_features.TestDepositSettingsFeatures" name="test_customer_sees_deposit_percentage" time="0.123" /><testcase classname="backend.tests.test_subscription_deposit_features.TestAdminFreeAccessFeatures" name="test_admin_get_subscriptions" time="0.051" /><testcase classname="backend.tests.test_subscription_deposit_features.TestAdminFreeAccessFeatures" name="test_admin_grant_free_access" time="0.063" /><testcase classname="backend.tests.test_subscription_deposit_features.TestAdminFreeAccessFeatures" name="test_admin_revoke_free_access" time="0.055" /><testcase classname="backend.tests.test_subscription_deposit_features.TestAdminFreeAccessFeatures" name="test_business_owner_sees_free_access_status" time="0.162" /><testcase classname="backend.tests.test_subscription_deposit_features.TestStaffSubscriptionPricing" name="test_get_current_staff_count" time="0.143" /><testcase classname="backend.tests.test_subscription_deposit_features.TestStaffSubscriptionPricing" name="test_staff_creation_returns_subscription_update" time="0.153" /></testsuite></testsuites>