<?xml version="1.0" encoding="utf-8"?><testsuites name="pytest tests"><testsuite name="pytest" errors="0" failures="0" skipped="0" tests="13" time="1.347" timestamp="2026-02-10T12:00:37.346623+00:00" hostname="agent-env-c4299165-ad86-4af0-8560-3771b3c6c0e0"><testcase classname="tests.test_whatsapp_notifications.TestNotificationStatus" name="test_notification_status_returns_200" time="0.116" /><testcase classname="tests.test_whatsapp_notifications.TestNotificationStatus" name="test_notification_status_structure" time="0.037" /><testcase classname="tests.test_whatsapp_notifications.TestNotificationStatus" name="test_whatsapp_is_enabled" time="0.043" /><testcase classname="tests.test_whatsapp_notifications.TestNotificationStatus" name="test_notification_provider_details" time="0.042" /><testcase classname="tests.test_whatsapp_notifications.TestNotificationPreferences" name="test_get_notification_preferences_requires_auth" time="0.118" /><testcase classname="tests.test_whatsapp_notifications.TestNotificationPreferences" name="test_get_notification_preferences_success" time="0.119" /><testcase classname="tests.test_whatsapp_notifications.TestNotificationPreferences" name="test_put_notification_preferences_requires_auth" time="0.099" /><testcase classname="tests.test_whatsapp_notifications.TestNotificationPreferences" name="test_update_email_reminders" time="0.186" /><testcase classname="tests.test_whatsapp_notifications.TestNotificationPreferences" name="test_update_whatsapp_reminders" time="0.187" /><testcase classname="tests.test_whatsapp_notifications.TestNotificationPreferences" name="test_update_both_preferences" time="0.192" /><testcase classname="tests.test_whatsapp_notifications.TestNotificationPreferences" name="test_default_preferences_are_true" time="0.110" /><testcase classname="tests.test_whatsapp_notifications.TestNotificationIntegration" name="test_notification_functions_imported" time="0.029" /><testcase classname="tests.test_whatsapp_notifications.TestNotificationIntegration" name="test_notification_dispatcher_signature" time="0.000" /></testsuite></testsuites>